<?xml version="1.0" encoding="UTF-8"?>
<!-- Generated by org.testng.reporters.JUnitReportReporter -->
<testsuite skipped="0" hostname="DESKTOP-89JT2RK" name="com.qaminds.testget_apptive.IntroductionTest" tests="1" failures="0" timestamp="2019-12-07T12:32:31 CST" time="0.006" errors="0">
  <testcase name="validationTest" time="0.006" classname="com.qaminds.testget_apptive.IntroductionTest"/>
</testsuite> <!-- com.qaminds.testget_apptive.IntroductionTest -->
